#
# There is insufficient memory for the Java Runtime Environment to continue.
# Native memory allocation (malloc) failed to allocate 1048576 bytes for AllocateHeap
# Possible reasons:
#   The system is out of physical RAM or swap space
#   In 32 bit mode, the process size limit was hit
# Possible solutions:
#   Reduce memory load on the system
#   Increase physical memory or swap space
#   Check if swap backing store is full
#   Use 64 bit Java on a 64 bit OS
#   Decrease Java heap size (-Xmx/-Xms)
#   Decrease number of Java threads
#   Decrease Java thread stack sizes (-Xss)
#   Set larger code cache with -XX:ReservedCodeCacheSize=
# This output file may be truncated or incomplete.
#
#  Out of Memory Error (memory/allocation.inline.hpp:61), pid=7816, tid=0x0000000000000684
#
# JRE version:  (8.0_102-b14) (build )
# Java VM: Java HotSpot(TM) 64-Bit Server VM (25.102-b14 mixed mode windows-amd64 compressed oops)
# Failed to write core dump. Minidumps are not enabled by default on client versions of Windows
#

---------------  T H R E A D  ---------------

Current thread (0x0000000001f40800):  JavaThread "Unknown thread" [_thread_in_vm, id=1668, stack(0x0000000001da0000,0x0000000001ea0000)]

Stack: [0x0000000001da0000,0x0000000001ea0000]
[error occurred during error reporting (printing stack bounds), id 0xc0000005]

Native frames: (J=compiled Java code, j=interpreted, Vv=VM code, C=native code)


---------------  P R O C E S S  ---------------

Java Threads: ( => current thread )

Other Threads:

=>0x0000000001f40800 (exited) JavaThread "Unknown thread" [_thread_in_vm, id=1668, stack(0x0000000001da0000,0x0000000001ea0000)]

VM state:not at safepoint (normal execution)

VM Mutex/Monitor currently owned by a thread: None

Heap:
 PSYoungGen      total 18944K, used 327K [0x00000000eab00000, 0x00000000ec000000, 0x0000000100000000)
  eden space 16384K, 2% used [0x00000000eab00000,0x00000000eab51ec8,0x00000000ebb00000)
  from space 2560K, 0% used [0x00000000ebd80000,0x00000000ebd80000,0x00000000ec000000)
  to   space 2560K, 0% used [0x00000000ebb00000,0x00000000ebb00000,0x00000000ebd80000)
 ParOldGen       total 44032K, used 0K [0x00000000c0000000, 0x00000000c2b00000, 0x00000000eab00000)
  object space 44032K, 0% used [0x00000000c0000000,0x00000000c0000000,0x00000000c2b00000)
 Metaspace       used 770K, capacity 4480K, committed 4480K, reserved 1056768K
  class space    used 75K, capacity 384K, committed 384K, reserved 1048576K

Card table byte_map: [0x0000000011400000,0x0000000011610000] byte_map_base: 0x0000000010e00000

Marking Bits: (ParMarkBitMap*) 0x000000006316a6c0
 Begin Bits: [0x0000000011b70000, 0x0000000012b70000)
 End Bits:   [0x0000000012b70000, 0x0000000013b70000)

Polling page: 0x0000000001cb0000

CodeCache: size=245760Kb used=328Kb max_used=328Kb free=245431Kb
 bounds [0x0000000002040000, 0x00000000022b0000, 0x0000000011040000]
 total_blobs=58 nmethods=0 adapters=38
 compilation: enabled

Compilation events (0 events):
No events

GC Heap History (0 events):
No events

Deoptimization events (0 events):
No events

Internal exceptions (0 events):
No events

Events (10 events):
Event: 0.255 loading class java/lang/Short
Event: 0.255 loading class java/lang/Short done
Event: 0.255 loading class java/lang/Integer
Event: 0.255 loading class java/lang/Integer done
Event: 0.255 loading class java/lang/Long
Event: 0.256 loading class java/lang/Long done
Event: 0.257 loading class java/lang/NullPointerException
Event: 0.257 loading class java/lang/NullPointerException done
Event: 0.257 loading class java/lang/ArithmeticException
Event: 0.257 loading class java/lang/ArithmeticException done


Dynamic libraries:
0x00007ff790ae0000 - 0x00007ff790b17000 	C:\Program Files\Java\jdk1.8.0_102\bin\java.exe
0x00007ffd068b0000 - 0x00007ffd06a5d000 	C:\Windows\SYSTEM32\ntdll.dll
0x00007ffd04160000 - 0x00007ffd0429e000 	C:\Windows\system32\KERNEL32.DLL
0x00007ffd03c00000 - 0x00007ffd03d15000 	C:\Windows\system32\KERNELBASE.dll
0x00007ffd02580000 - 0x00007ffd0260e000 	C:\Windows\system32\apphelp.dll
0x00007ffcf3a10000 - 0x00007ffcf3a63000 	C:\Windows\AppPatch\AppPatch64\AcGenral.DLL
0x00007ffd066d0000 - 0x00007ffd0677a000 	C:\Windows\system32\msvcrt.dll
0x00007ffd03f00000 - 0x00007ffd03f2e000 	C:\Windows\system32\SspiCli.dll
0x00007ffd063f0000 - 0x00007ffd06444000 	C:\Windows\system32\SHLWAPI.dll
0x00007ffd04400000 - 0x00007ffd04577000 	C:\Windows\system32\USER32.dll
0x00007ffd05cc0000 - 0x00007ffd05e54000 	C:\Windows\system32\ole32.dll
0x00007ffd04790000 - 0x00007ffd05cb8000 	C:\Windows\system32\SHELL32.dll
0x00007ffd02fa0000 - 0x00007ffd02fc1000 	C:\Windows\SYSTEM32\USERENV.dll
0x00007ffd06110000 - 0x00007ffd061ba000 	C:\Windows\system32\ADVAPI32.dll
0x00007ffcfbe50000 - 0x00007ffcfbe6e000 	C:\Windows\SYSTEM32\MPR.dll
0x00007ffd05fc0000 - 0x00007ffd06100000 	C:\Windows\system32\RPCRT4.dll
0x00007ffd06850000 - 0x00007ffd068a9000 	C:\Windows\SYSTEM32\sechost.dll
0x00007ffd064b0000 - 0x00007ffd066c1000 	C:\Windows\SYSTEM32\combase.dll
0x00007ffd04580000 - 0x00007ffd046cf000 	C:\Windows\system32\GDI32.dll
0x00007ffd039d0000 - 0x00007ffd039e5000 	C:\Windows\SYSTEM32\profapi.dll
0x00007ffd01f50000 - 0x00007ffd02002000 	C:\Windows\SYSTEM32\SHCORE.dll
0x00007ffd061d0000 - 0x00007ffd06206000 	C:\Windows\system32\IMM32.DLL
0x00007ffd042a0000 - 0x00007ffd043f2000 	C:\Windows\system32\MSCTF.dll
0x00007ffd014a0000 - 0x00007ffd0171b000 	C:\Windows\WinSxS\amd64_microsoft.windows.common-controls_6595b64144ccf1df_6.0.9600.18006_none_623f33d3ecbe86e8\COMCTL32.dll
0x00000000624c0000 - 0x0000000062591000 	C:\Program Files\Java\jdk1.8.0_102\jre\bin\msvcr100.dll
0x0000000062950000 - 0x00000000631ea000 	C:\Program Files\Java\jdk1.8.0_102\jre\bin\server\jvm.dll
0x00007ffcf7a30000 - 0x00007ffcf7a39000 	C:\Windows\SYSTEM32\WSOCK32.dll
0x00007ffd00fd0000 - 0x00007ffd00ff2000 	C:\Windows\SYSTEM32\WINMM.dll
0x00007ffd01720000 - 0x00007ffd0172a000 	C:\Windows\SYSTEM32\VERSION.dll
0x00007ffd03f30000 - 0x00007ffd03f37000 	C:\Windows\system32\PSAPI.DLL
0x00007ffd03f40000 - 0x00007ffd03f9a000 	C:\Windows\system32\WS2_32.dll
0x00007ffd00f90000 - 0x00007ffd00fba000 	C:\Windows\SYSTEM32\WINMMBASE.dll
0x00007ffd05e80000 - 0x00007ffd05e89000 	C:\Windows\system32\NSI.dll
0x00007ffd03aa0000 - 0x00007ffd03aef000 	C:\Windows\SYSTEM32\cfgmgr32.dll
0x00007ffd02820000 - 0x00007ffd02848000 	C:\Windows\SYSTEM32\DEVOBJ.dll
0x0000000062940000 - 0x000000006294f000 	C:\Program Files\Java\jdk1.8.0_102\jre\bin\verify.dll
0x0000000062910000 - 0x0000000062939000 	C:\Program Files\Java\jdk1.8.0_102\jre\bin\java.dll
0x00000000628f0000 - 0x0000000062906000 	C:\Program Files\Java\jdk1.8.0_102\jre\bin\zip.dll

VM Arguments:
jvm_args: -Djava.awt.headless=true -Xmx1024M -Dfile.encoding=windows-1252 -Duser.country=US -Duser.language=en -Duser.variant 
java_command: com.android.dx.command.Main --dex --force-jumbo --num-threads=4 --multi-dex --output E:\PPB\RecyclerView1\app\build\intermediates\transforms\dex\debug\folders\1000\5\slice_6 E:\PPB\RecyclerView1\app\build\intermediates\transforms\instantRunSlicer\debug\folders\1\5\slice_6
java_class_path (initial): C:\Users\Shafira Pramatana\AppData\Local\Android\Sdk\build-tools\24.0.2\lib\dx.jar
Launcher Type: SUN_STANDARD

Environment Variables:
PATH=E:\app\telkom\product\12.1.0\dbhome_1\bin;C:\ProgramData\Oracle\Java\javapath;C:\Windows\system32;C:\Windows;C:\Windows\System32\Wbem;C:\Windows\System32\WindowsPowerShell\v1.0\;C:\Program Files\Microsoft\Web Platform Installer\;C:\Program Files (x86)\Microsoft ASP.NET\ASP.NET Web Pages\v1.0\;C:\Program Files (x86)\Windows Kits\8.0\Windows Performance Toolkit\;C:\Program Files\Microsoft SQL Server\110\Tools\Binn\;C:\Program Files (x86)\Skype\Phone\;C:\Program Files\Git\cmd
USERNAME=Shafira Pramatana
OS=Windows_NT
PROCESSOR_IDENTIFIER=Intel64 Family 6 Model 58 Stepping 9, GenuineIntel



---------------  S Y S T E M  ---------------

OS: Windows 8.1 , 64 bit Build 9600 (6.3.9600.17415)

CPU:total 4 (2 cores per cpu, 2 threads per core) family 6 model 58 stepping 9, cmov, cx8, fxsr, mmx, sse, sse2, sse3, ssse3, sse4.1, sse4.2, popcnt, avx, clmul, erms, ht, tsc, tscinvbit, tscinv

Memory: 4k page, physical 4073648k(231888k free), swap 7219376k(21240k free)

vm_info: Java HotSpot(TM) 64-Bit Server VM (25.102-b14) for windows-amd64 JRE (1.8.0_102-b14), built on Jun 22 2016 13:15:21 by "java_re" with MS VC++ 10.0 (VS2010)

time: Tue Nov 01 21:11:06 2016
elapsed time: 0 seconds (0d 0h 0m 0s)

