#
# There is insufficient memory for the Java Runtime Environment to continue.
# Native memory allocation (malloc) failed to allocate 590736 bytes for Chunk::new
# Possible reasons:
#   The system is out of physical RAM or swap space
#   In 32 bit mode, the process size limit was hit
# Possible solutions:
#   Reduce memory load on the system
#   Increase physical memory or swap space
#   Check if swap backing store is full
#   Use 64 bit Java on a 64 bit OS
#   Decrease Java heap size (-Xmx/-Xms)
#   Decrease number of Java threads
#   Decrease Java thread stack sizes (-Xss)
#   Set larger code cache with -XX:ReservedCodeCacheSize=
# This output file may be truncated or incomplete.
#
#  Out of Memory Error (allocation.cpp:390), pid=8188, tid=0x0000000000000890
#
# JRE version: Java(TM) SE Runtime Environment (8.0_102-b14) (build 1.8.0_102-b14)
# Java VM: Java HotSpot(TM) 64-Bit Server VM (25.102-b14 mixed mode windows-amd64 compressed oops)
# Failed to write core dump. Minidumps are not enabled by default on client versions of Windows
#

---------------  T H R E A D  ---------------

Current thread (0x0000000015380000):  JavaThread "C2 CompilerThread1" daemon [_thread_in_native, id=2192, stack(0x0000000016ac0000,0x0000000016bc0000)]

Stack: [0x0000000016ac0000,0x0000000016bc0000]
[error occurred during error reporting (printing stack bounds), id 0xc0000005]

Native frames: (J=compiled Java code, j=interpreted, Vv=VM code, C=native code)


Current CompileTask:
C2:  17054 1796       4       com.android.dx.cf.code.Simulator$SimVisitor::visitLocal (329 bytes)


---------------  P R O C E S S  ---------------

Java Threads: ( => current thread )
  0x0000000016f20800 JavaThread "pool-1-thread-1" [_thread_in_vm, id=6152, stack(0x00000000172c0000,0x00000000173c0000)]
  0x00000000153dd000 JavaThread "Service Thread" daemon [_thread_blocked, id=7956, stack(0x00000000170c0000,0x00000000171c0000)]
  0x00000000153da800 JavaThread "C1 CompilerThread2" daemon [_thread_blocked, id=3476, stack(0x0000000016bc0000,0x0000000016cc0000)]
=>0x0000000015380000 JavaThread "C2 CompilerThread1" daemon [_thread_in_native, id=2192, stack(0x0000000016ac0000,0x0000000016bc0000)]
  0x000000001537c000 JavaThread "C2 CompilerThread0" daemon [_thread_in_native, id=5636, stack(0x00000000169c0000,0x0000000016ac0000)]
  0x000000001537b000 JavaThread "Attach Listener" daemon [_thread_blocked, id=7820, stack(0x00000000168c0000,0x00000000169c0000)]
  0x0000000002cad800 JavaThread "Signal Dispatcher" daemon [_thread_blocked, id=5548, stack(0x00000000167c0000,0x00000000168c0000)]
  0x000000001536a800 JavaThread "Finalizer" daemon [_thread_blocked, id=5492, stack(0x00000000165e0000,0x00000000166e0000)]
  0x0000000002c9f800 JavaThread "Reference Handler" daemon [_thread_blocked, id=3228, stack(0x00000000164e0000,0x00000000165e0000)]
  0x0000000002bb0800 JavaThread "main" [_thread_blocked, id=7484, stack(0x0000000002a30000,0x0000000002b30000)]

Other Threads:
  0x0000000015347800 VMThread [stack: 0x00000000163e0000,0x00000000164e0000] [id=4412]
  0x0000000016cc6800 WatcherThread [stack: 0x00000000171c0000,0x00000000172c0000] [id=6228]

VM state:not at safepoint (normal execution)

VM Mutex/Monitor currently owned by a thread: None

Heap:
 PSYoungGen      total 68096K, used 53660K [0x00000000eab00000, 0x00000000ef000000, 0x0000000100000000)
  eden space 65536K, 78% used [0x00000000eab00000,0x00000000edcee598,0x00000000eeb00000)
  from space 2560K, 98% used [0x00000000eeb00000,0x00000000eed78b60,0x00000000eed80000)
  to   space 2560K, 0% used [0x00000000eed80000,0x00000000eed80000,0x00000000ef000000)
 ParOldGen       total 44032K, used 23849K [0x00000000c0000000, 0x00000000c2b00000, 0x00000000eab00000)
  object space 44032K, 54% used [0x00000000c0000000,0x00000000c174a610,0x00000000c2b00000)
 Metaspace       used 6619K, capacity 7416K, committed 7680K, reserved 1056768K
  class space    used 643K, capacity 688K, committed 768K, reserved 1048576K

Card table byte_map: [0x0000000012070000,0x0000000012280000] byte_map_base: 0x0000000011a70000

Marking Bits: (ParMarkBitMap*) 0x000000006316a6c0
 Begin Bits: [0x00000000127e0000, 0x00000000137e0000)
 End Bits:   [0x00000000137e0000, 0x00000000147e0000)

Polling page: 0x00000000012c0000

CodeCache: size=245760Kb used=8856Kb max_used=8856Kb free=236903Kb
 bounds [0x0000000002cb0000, 0x0000000003560000, 0x0000000011cb0000]
 total_blobs=2213 nmethods=1943 adapters=182
 compilation: enabled

Compilation events (10 events):
Event: 14.311 Thread 0x00000000153da800 nmethod 1815 0x0000000003461dd0 code [0x0000000003461f80, 0x00000000034627b8]
Event: 14.311 Thread 0x00000000153da800 1816       3       java.util.concurrent.locks.AbstractQueuedSynchronizer::hasQueuedPredecessors (40 bytes)
Event: 14.311 Thread 0x00000000153da800 nmethod 1816 0x0000000003430590 code [0x0000000003430700, 0x0000000003430950]
Event: 14.334 Thread 0x00000000153da800 1824       2       com.android.dx.dex.code.TargetInsn::<init> (29 bytes)
Event: 14.334 Thread 0x00000000153da800 nmethod 1824 0x00000000034618d0 code [0x0000000003461a40, 0x0000000003461c98]
Event: 14.410 Thread 0x00000000153da800 1830       2       java.lang.String::lastIndexOf (151 bytes)
Event: 14.411 Thread 0x00000000153da800 nmethod 1830 0x000000000347a690 code [0x000000000347a820, 0x000000000347abd0]
Event: 14.562 Thread 0x00000000153da800 1831   !   2       com.android.dx.cf.direct.MemberListParser::parse (641 bytes)
Event: 14.572 Thread 0x00000000153da800 nmethod 1831 0x00000000034c1dd0 code [0x00000000034c2520, 0x00000000034c5118]
Event: 14.573 Thread 0x00000000153da800 1833   !   2       com.android.dx.cf.code.RopperMachine::run (1550 bytes)

GC Heap History (10 events):
Event: 4.661 GC heap before
{Heap before GC invocations=1 (full 0):
 PSYoungGen      total 18944K, used 16384K [0x00000000eab00000, 0x00000000ec000000, 0x0000000100000000)
  eden space 16384K, 100% used [0x00000000eab00000,0x00000000ebb00000,0x00000000ebb00000)
  from space 2560K, 0% used [0x00000000ebd80000,0x00000000ebd80000,0x00000000ec000000)
  to   space 2560K, 0% used [0x00000000ebb00000,0x00000000ebb00000,0x00000000ebd80000)
 ParOldGen       total 44032K, used 0K [0x00000000c0000000, 0x00000000c2b00000, 0x00000000eab00000)
  object space 44032K, 0% used [0x00000000c0000000,0x00000000c0000000,0x00000000c2b00000)
 Metaspace       used 5858K, capacity 6770K, committed 7040K, reserved 1056768K
  class space    used 599K, capacity 618K, committed 640K, reserved 1048576K
Event: 4.821 GC heap after
Heap after GC invocations=1 (full 0):
 PSYoungGen      total 18944K, used 2554K [0x00000000eab00000, 0x00000000ed000000, 0x0000000100000000)
  eden space 16384K, 0% used [0x00000000eab00000,0x00000000eab00000,0x00000000ebb00000)
  from space 2560K, 99% used [0x00000000ebb00000,0x00000000ebd7eab8,0x00000000ebd80000)
  to   space 2560K, 0% used [0x00000000ecd80000,0x00000000ecd80000,0x00000000ed000000)
 ParOldGen       total 44032K, used 1469K [0x00000000c0000000, 0x00000000c2b00000, 0x00000000eab00000)
  object space 44032K, 3% used [0x00000000c0000000,0x00000000c016f460,0x00000000c2b00000)
 Metaspace       used 5858K, capacity 6770K, committed 7040K, reserved 1056768K
  class space    used 599K, capacity 618K, committed 640K, reserved 1048576K
}
Event: 6.455 GC heap before
{Heap before GC invocations=2 (full 0):
 PSYoungGen      total 18944K, used 18938K [0x00000000eab00000, 0x00000000ed000000, 0x0000000100000000)
  eden space 16384K, 100% used [0x00000000eab00000,0x00000000ebb00000,0x00000000ebb00000)
  from space 2560K, 99% used [0x00000000ebb00000,0x00000000ebd7eab8,0x00000000ebd80000)
  to   space 2560K, 0% used [0x00000000ecd80000,0x00000000ecd80000,0x00000000ed000000)
 ParOldGen       total 44032K, used 1469K [0x00000000c0000000, 0x00000000c2b00000, 0x00000000eab00000)
  object space 44032K, 3% used [0x00000000c0000000,0x00000000c016f460,0x00000000c2b00000)
 Metaspace       used 6076K, capacity 6964K, committed 7040K, reserved 1056768K
  class space    used 601K, capacity 620K, committed 640K, reserved 1048576K
Event: 6.512 GC heap after
Heap after GC invocations=2 (full 0):
 PSYoungGen      total 35328K, used 2552K [0x00000000eab00000, 0x00000000ed000000, 0x0000000100000000)
  eden space 32768K, 0% used [0x00000000eab00000,0x00000000eab00000,0x00000000ecb00000)
  from space 2560K, 99% used [0x00000000ecd80000,0x00000000ecffe008,0x00000000ed000000)
  to   space 2560K, 0% used [0x00000000ecb00000,0x00000000ecb00000,0x00000000ecd80000)
 ParOldGen       total 44032K, used 4186K [0x00000000c0000000, 0x00000000c2b00000, 0x00000000eab00000)
  object space 44032K, 9% used [0x00000000c0000000,0x00000000c0416858,0x00000000c2b00000)
 Metaspace       used 6076K, capacity 6964K, committed 7040K, reserved 1056768K
  class space    used 601K, capacity 620K, committed 640K, reserved 1048576K
}
Event: 8.506 GC heap before
{Heap before GC invocations=3 (full 0):
 PSYoungGen      total 35328K, used 35320K [0x00000000eab00000, 0x00000000ed000000, 0x0000000100000000)
  eden space 32768K, 100% used [0x00000000eab00000,0x00000000ecb00000,0x00000000ecb00000)
  from space 2560K, 99% used [0x00000000ecd80000,0x00000000ecffe008,0x00000000ed000000)
  to   space 2560K, 0% used [0x00000000ecb00000,0x00000000ecb00000,0x00000000ecd80000)
 ParOldGen       total 44032K, used 4186K [0x00000000c0000000, 0x00000000c2b00000, 0x00000000eab00000)
  object space 44032K, 9% used [0x00000000c0000000,0x00000000c0416858,0x00000000c2b00000)
 Metaspace       used 6195K, capacity 7092K, committed 7296K, reserved 1056768K
  class space    used 604K, capacity 620K, committed 640K, reserved 1048576K
Event: 8.651 GC heap after
Heap after GC invocations=3 (full 0):
 PSYoungGen      total 35328K, used 2553K [0x00000000eab00000, 0x00000000ef000000, 0x0000000100000000)
  eden space 32768K, 0% used [0x00000000eab00000,0x00000000eab00000,0x00000000ecb00000)
  from space 2560K, 99% used [0x00000000ecb00000,0x00000000ecd7e710,0x00000000ecd80000)
  to   space 2560K, 0% used [0x00000000eed80000,0x00000000eed80000,0x00000000ef000000)
 ParOldGen       total 44032K, used 9070K [0x00000000c0000000, 0x00000000c2b00000, 0x00000000eab00000)
  object space 44032K, 20% used [0x00000000c0000000,0x00000000c08db8b0,0x00000000c2b00000)
 Metaspace       used 6195K, capacity 7092K, committed 7296K, reserved 1056768K
  class space    used 604K, capacity 620K, committed 640K, reserved 1048576K
}
Event: 9.500 GC heap before
{Heap before GC invocations=4 (full 0):
 PSYoungGen      total 35328K, used 35321K [0x00000000eab00000, 0x00000000ef000000, 0x0000000100000000)
  eden space 32768K, 100% used [0x00000000eab00000,0x00000000ecb00000,0x00000000ecb00000)
  from space 2560K, 99% used [0x00000000ecb00000,0x00000000ecd7e710,0x00000000ecd80000)
  to   space 2560K, 0% used [0x00000000eed80000,0x00000000eed80000,0x00000000ef000000)
 ParOldGen       total 44032K, used 9070K [0x00000000c0000000, 0x00000000c2b00000, 0x00000000eab00000)
  object space 44032K, 20% used [0x00000000c0000000,0x00000000c08db8b0,0x00000000c2b00000)
 Metaspace       used 6329K, capacity 7128K, committed 7424K, reserved 1056768K
  class space    used 624K, capacity 656K, committed 768K, reserved 1048576K
Event: 10.011 GC heap after
Heap after GC invocations=4 (full 0):
 PSYoungGen      total 68096K, used 2548K [0x00000000eab00000, 0x00000000ef000000, 0x0000000100000000)
  eden space 65536K, 0% used [0x00000000eab00000,0x00000000eab00000,0x00000000eeb00000)
  from space 2560K, 99% used [0x00000000eed80000,0x00000000eeffd250,0x00000000ef000000)
  to   space 2560K, 0% used [0x00000000eeb00000,0x00000000eeb00000,0x00000000eed80000)
 ParOldGen       total 44032K, used 14439K [0x00000000c0000000, 0x00000000c2b00000, 0x00000000eab00000)
  object space 44032K, 32% used [0x00000000c0000000,0x00000000c0e19cf8,0x00000000c2b00000)
 Metaspace       used 6329K, capacity 7128K, committed 7424K, reserved 1056768K
  class space    used 624K, capacity 656K, committed 768K, reserved 1048576K
}
Event: 14.461 GC heap before
{Heap before GC invocations=5 (full 0):
 PSYoungGen      total 68096K, used 68084K [0x00000000eab00000, 0x00000000ef000000, 0x0000000100000000)
  eden space 65536K, 100% used [0x00000000eab00000,0x00000000eeb00000,0x00000000eeb00000)
  from space 2560K, 99% used [0x00000000eed80000,0x00000000eeffd250,0x00000000ef000000)
  to   space 2560K, 0% used [0x00000000eeb00000,0x00000000eeb00000,0x00000000eed80000)
 ParOldGen       total 44032K, used 14439K [0x00000000c0000000, 0x00000000c2b00000, 0x00000000eab00000)
  object space 44032K, 32% used [0x00000000c0000000,0x00000000c0e19cf8,0x00000000c2b00000)
 Metaspace       used 6372K, capacity 7192K, committed 7424K, reserved 1056768K
  class space    used 624K, capacity 656K, committed 768K, reserved 1048576K
Event: 14.559 GC heap after
Heap after GC invocations=5 (full 0):
 PSYoungGen      total 68096K, used 2530K [0x00000000eab00000, 0x00000000ef000000, 0x0000000100000000)
  eden space 65536K, 0% used [0x00000000eab00000,0x00000000eab00000,0x00000000eeb00000)
  from space 2560K, 98% used [0x00000000eeb00000,0x00000000eed78b60,0x00000000eed80000)
  to   space 2560K, 0% used [0x00000000eed80000,0x00000000eed80000,0x00000000ef000000)
 ParOldGen       total 44032K, used 23849K [0x00000000c0000000, 0x00000000c2b00000, 0x00000000eab00000)
  object space 44032K, 54% used [0x00000000c0000000,0x00000000c174a610,0x00000000c2b00000)
 Metaspace       used 6372K, capacity 7192K, committed 7424K, reserved 1056768K
  class space    used 624K, capacity 656K, committed 768K, reserved 1048576K
}

Deoptimization events (10 events):
Event: 11.161 Thread 0x0000000016f2f800 Uncommon trap: reason=unstable_if action=reinterpret pc=0x0000000003364dec method=java.util.HashMap.resize()[Ljava/util/HashMap$Node; @ 206
Event: 12.270 Thread 0x0000000002bb0800 Uncommon trap: reason=unloaded action=reinterpret pc=0x00000000033a3f7c method=com.android.dx.cf.cst.ConstantPoolParser.parse0(ILjava/util/BitSet;)Lcom/android/dx/rop/cst/Constant; @ 220
Event: 12.327 Thread 0x0000000002bb0800 Uncommon trap: reason=bimorphic action=maybe_recompile pc=0x00000000033d0ab4 method=com.android.dx.cf.code.BytecodeArray.parseInstruction(ILcom/android/dx/cf/code/BytecodeArray$Visitor;)I @ 2484
Event: 12.327 Thread 0x0000000002bb0800 Uncommon trap: reason=bimorphic action=maybe_recompile pc=0x00000000033d0ab4 method=com.android.dx.cf.code.BytecodeArray.parseInstruction(ILcom/android/dx/cf/code/BytecodeArray$Visitor;)I @ 2484
Event: 13.101 Thread 0x0000000002bb0800 Uncommon trap: reason=unstable_if action=reinterpret pc=0x000000000333bb78 method=com.android.dx.ssa.LocalVariableExtractor.processBlock(I)V @ 251
Event: 13.617 Thread 0x0000000016f31800 Uncommon trap: reason=bimorphic action=maybe_recompile pc=0x000000000324bb60 method=com.android.dx.ssa.LiteralOpUpgrader.tryReplacingWithConstant(Lcom/android/dx/ssa/NormalSsaInsn;)Z @ 52
Event: 13.621 Thread 0x0000000016f31800 Uncommon trap: reason=bimorphic action=maybe_recompile pc=0x0000000003215548 method=com.android.dx.ssa.LiteralOpUpgrader.tryReplacingWithConstant(Lcom/android/dx/ssa/NormalSsaInsn;)Z @ 52
Event: 13.646 Thread 0x0000000016f2f800 Uncommon trap: reason=class_check action=maybe_recompile pc=0x0000000003403208 method=com.android.dx.cf.code.RopperMachine.run(Lcom/android/dx/cf/code/Frame;II)V @ 1024
Event: 14.569 Thread 0x0000000002bb0800 Uncommon trap: reason=unstable_if action=reinterpret pc=0x0000000003402cfc method=com.android.dx.cf.code.RopperMachine.run(Lcom/android/dx/cf/code/Frame;II)V @ 1250
Event: 14.577 Thread 0x0000000016f33000 Uncommon trap: reason=unstable_if action=reinterpret pc=0x0000000003422978 method=com.android.dx.rop.code.LocalVariableInfo.mergeStarts(ILcom/android/dx/rop/code/RegisterSpecSet;)Z @ 31

Internal exceptions (6 events):
Event: 0.933 Thread 0x0000000002bb0800 Exception <a 'java/lang/NoSuchMethodError': Method sun.misc.Unsafe.defineClass(Ljava/lang/String;[BII)Ljava/lang/Class; name or signature does not match> (0x00000000eab07c78) thrown at [C:\re\workspace\8-2-build-windows-amd64-cygwin\jdk8u102\7268\hotspot\s_áÞí?
Event: 0.933 Thread 0x0000000002bb0800 Exception <a 'java/lang/NoSuchMethodError': Method sun.misc.Unsafe.prefetchRead(Ljava/lang/Object;J)V name or signature does not match> (0x00000000eab07f60) thrown at [C:\re\workspace\8-2-build-windows-amd64-cygwin\jdk8u102\7268\hotspot\src\share\vm\prims\ƒ›D>«p @
Event: 8.220 Thread 0x0000000002bb0800 Implicit null exception at 0x0000000003012976 to 0x000000000301410d
Event: 8.743 Thread 0x0000000016f14800 Exception <a 'java/lang/ArrayIndexOutOfBoundsException': 18> (0x00000000eb5ae7b0) thrown at [C:\re\workspace\8-2-build-windows-amd64-cygwin\jdk8u102\7268\hotspot\src\share\vm\interpreter\interpreterRuntime.cpp, line 366]
Event: 8.744 Thread 0x0000000016f14800 Exception <a 'java/lang/ArrayIndexOutOfBoundsException'> (0x00000000eb5b0330) thrown at [C:\re\workspace\8-2-build-windows-amd64-cygwin\jdk8u102\7268\hotspot\src\share\vm\runtime\sharedRuntime.cpp, line 605]
Event: 8.746 Thread 0x0000000016f14800 Exception <a 'java/lang/ArrayIndexOutOfBoundsException'> (0x00000000eb5b1618) thrown at [C:\re\workspace\8-2-build-windows-amd64-cygwin\jdk8u102\7268\hotspot\src\share\vm\runtime\sharedRuntime.cpp, line 605]

Events (10 events):
Event: 14.412 Executing VM operation: ParallelGCFailedAllocation
Event: 14.559 Executing VM operation: ParallelGCFailedAllocation done
Event: 14.569 Thread 0x0000000002bb0800 Uncommon trap: trap_request=0xffffff65 fr.pc=0x0000000003402cfc
Event: 14.569 Thread 0x0000000002bb0800 DEOPT PACKING pc=0x0000000003402cfc sp=0x0000000002b2de90
Event: 14.569 Thread 0x0000000002bb0800 DEOPT UNPACKING pc=0x0000000002cf582a sp=0x0000000002b2de48 mode 2
Event: 14.577 Thread 0x0000000016f33000 Uncommon trap: trap_request=0xffffff65 fr.pc=0x0000000003422978
Event: 14.577 Thread 0x0000000016f33000 DEOPT PACKING pc=0x0000000003422978 sp=0x00000000177be840
Event: 14.577 Thread 0x0000000016f33000 DEOPT UNPACKING pc=0x0000000002cf582a sp=0x00000000177be7a0 mode 2
Event: 14.584 Thread 0x0000000002bb0800 DEOPT PACKING pc=0x00000000030ccfac sp=0x0000000002b2e0a0
Event: 14.584 Thread 0x0000000002bb0800 DEOPT UNPACKING pc=0x0000000002cf787f sp=0x0000000002b2de20 mode 0


Dynamic libraries:
0x00007ff790ae0000 - 0x00007ff790b17000 	C:\Program Files\Java\jdk1.8.0_102\bin\java.exe
0x00007ffd068b0000 - 0x00007ffd06a5d000 	C:\Windows\SYSTEM32\ntdll.dll
0x00007ffd04160000 - 0x00007ffd0429e000 	C:\Windows\system32\KERNEL32.DLL
0x00007ffd03c00000 - 0x00007ffd03d15000 	C:\Windows\system32\KERNELBASE.dll
0x00007ffd02580000 - 0x00007ffd0260e000 	C:\Windows\system32\apphelp.dll
0x00007ffcf3a10000 - 0x00007ffcf3a63000 	C:\Windows\AppPatch\AppPatch64\AcGenral.DLL
0x00007ffd066d0000 - 0x00007ffd0677a000 	C:\Windows\system32\msvcrt.dll
0x00007ffd03f00000 - 0x00007ffd03f2e000 	C:\Windows\system32\SspiCli.dll
0x00007ffd063f0000 - 0x00007ffd06444000 	C:\Windows\system32\SHLWAPI.dll
0x00007ffd04400000 - 0x00007ffd04577000 	C:\Windows\system32\USER32.dll
0x00007ffd05cc0000 - 0x00007ffd05e54000 	C:\Windows\system32\ole32.dll
0x00007ffd04790000 - 0x00007ffd05cb8000 	C:\Windows\system32\SHELL32.dll
0x00007ffd02fa0000 - 0x00007ffd02fc1000 	C:\Windows\SYSTEM32\USERENV.dll
0x00007ffd06110000 - 0x00007ffd061ba000 	C:\Windows\system32\ADVAPI32.dll
0x00007ffcfbe50000 - 0x00007ffcfbe6e000 	C:\Windows\SYSTEM32\MPR.dll
0x00007ffd05fc0000 - 0x00007ffd06100000 	C:\Windows\system32\RPCRT4.dll
0x00007ffd06850000 - 0x00007ffd068a9000 	C:\Windows\SYSTEM32\sechost.dll
0x00007ffd064b0000 - 0x00007ffd066c1000 	C:\Windows\SYSTEM32\combase.dll
0x00007ffd04580000 - 0x00007ffd046cf000 	C:\Windows\system32\GDI32.dll
0x00007ffd039d0000 - 0x00007ffd039e5000 	C:\Windows\SYSTEM32\profapi.dll
0x00007ffd01f50000 - 0x00007ffd02002000 	C:\Windows\SYSTEM32\SHCORE.dll
0x00007ffd061d0000 - 0x00007ffd06206000 	C:\Windows\system32\IMM32.DLL
0x00007ffd042a0000 - 0x00007ffd043f2000 	C:\Windows\system32\MSCTF.dll
0x00007ffd014a0000 - 0x00007ffd0171b000 	C:\Windows\WinSxS\amd64_microsoft.windows.common-controls_6595b64144ccf1df_6.0.9600.18006_none_623f33d3ecbe86e8\COMCTL32.dll
0x00000000624c0000 - 0x0000000062591000 	C:\Program Files\Java\jdk1.8.0_102\jre\bin\msvcr100.dll
0x0000000062950000 - 0x00000000631ea000 	C:\Program Files\Java\jdk1.8.0_102\jre\bin\server\jvm.dll
0x00007ffcf7a30000 - 0x00007ffcf7a39000 	C:\Windows\SYSTEM32\WSOCK32.dll
0x00007ffd00fd0000 - 0x00007ffd00ff2000 	C:\Windows\SYSTEM32\WINMM.dll
0x00007ffd01720000 - 0x00007ffd0172a000 	C:\Windows\SYSTEM32\VERSION.dll
0x00007ffd03f30000 - 0x00007ffd03f37000 	C:\Windows\system32\PSAPI.DLL
0x00007ffd03f40000 - 0x00007ffd03f9a000 	C:\Windows\system32\WS2_32.dll
0x00007ffd00f90000 - 0x00007ffd00fba000 	C:\Windows\SYSTEM32\WINMMBASE.dll
0x00007ffd05e80000 - 0x00007ffd05e89000 	C:\Windows\system32\NSI.dll
0x00007ffd03aa0000 - 0x00007ffd03aef000 	C:\Windows\SYSTEM32\cfgmgr32.dll
0x00007ffd02820000 - 0x00007ffd02848000 	C:\Windows\SYSTEM32\DEVOBJ.dll
0x0000000062940000 - 0x000000006294f000 	C:\Program Files\Java\jdk1.8.0_102\jre\bin\verify.dll
0x0000000062910000 - 0x0000000062939000 	C:\Program Files\Java\jdk1.8.0_102\jre\bin\java.dll
0x00000000628f0000 - 0x0000000062906000 	C:\Program Files\Java\jdk1.8.0_102\jre\bin\zip.dll

VM Arguments:
jvm_args: -Djava.awt.headless=true -Xmx1024M -Dfile.encoding=windows-1252 -Duser.country=US -Duser.language=en -Duser.variant 
java_command: com.android.dx.command.Main --dex --force-jumbo --num-threads=4 --multi-dex --output E:\PPB\RecyclerView1\app\build\intermediates\transforms\dex\debug\folders\1000\10\com.android.support-recyclerview-v7-24.0.0_530bc28451a926293236da9fd5f6dfa34100e0e9 E:\PPB\RecyclerView1\app\build\intermediates\exploded-aar\com.android.support\recyclerview-v7\24.0.0\jars\classes.jar
java_class_path (initial): C:\Users\Shafira Pramatana\AppData\Local\Android\Sdk\build-tools\24.0.2\lib\dx.jar
Launcher Type: SUN_STANDARD

Environment Variables:
PATH=E:\app\telkom\product\12.1.0\dbhome_1\bin;C:\ProgramData\Oracle\Java\javapath;C:\Windows\system32;C:\Windows;C:\Windows\System32\Wbem;C:\Windows\System32\WindowsPowerShell\v1.0\;C:\Program Files\Microsoft\Web Platform Installer\;C:\Program Files (x86)\Microsoft ASP.NET\ASP.NET Web Pages\v1.0\;C:\Program Files (x86)\Windows Kits\8.0\Windows Performance Toolkit\;C:\Program Files\Microsoft SQL Server\110\Tools\Binn\;C:\Program Files (x86)\Skype\Phone\;C:\Program Files\Git\cmd
USERNAME=Shafira Pramatana
OS=Windows_NT
PROCESSOR_IDENTIFIER=Intel64 Family 6 Model 58 Stepping 9, GenuineIntel



---------------  S Y S T E M  ---------------

OS: Windows 8.1 , 64 bit Build 9600 (6.3.9600.17415)

CPU:total 4 (2 cores per cpu, 2 threads per core) family 6 model 58 stepping 9, cmov, cx8, fxsr, mmx, sse, sse2, sse3, ssse3, sse4.1, sse4.2, popcnt, avx, clmul, erms, ht, tsc, tscinvbit, tscinv

Memory: 4k page, physical 4073648k(187348k free), swap 7219376k(134012k free)

vm_info: Java HotSpot(TM) 64-Bit Server VM (25.102-b14) for windows-amd64 JRE (1.8.0_102-b14), built on Jun 22 2016 13:15:21 by "java_re" with MS VC++ 10.0 (VS2010)

time: Tue Nov 01 21:09:36 2016
elapsed time: 17 seconds (0d 0h 0m 17s)

