#
# There is insufficient memory for the Java Runtime Environment to continue.
# Native memory allocation (malloc) failed to allocate 138736 bytes for Chunk::new
# Possible reasons:
#   The system is out of physical RAM or swap space
#   In 32 bit mode, the process size limit was hit
# Possible solutions:
#   Reduce memory load on the system
#   Increase physical memory or swap space
#   Check if swap backing store is full
#   Use 64 bit Java on a 64 bit OS
#   Decrease Java heap size (-Xmx/-Xms)
#   Decrease number of Java threads
#   Decrease Java thread stack sizes (-Xss)
#   Set larger code cache with -XX:ReservedCodeCacheSize=
# This output file may be truncated or incomplete.
#
#  Out of Memory Error (allocation.cpp:390), pid=7072, tid=0x0000000000001fc4
#
# JRE version: Java(TM) SE Runtime Environment (8.0_102-b14) (build 1.8.0_102-b14)
# Java VM: Java HotSpot(TM) 64-Bit Server VM (25.102-b14 mixed mode windows-amd64 compressed oops)
# Failed to write core dump. Minidumps are not enabled by default on client versions of Windows
#

---------------  T H R E A D  ---------------

Current thread (0x000000001516b000):  JavaThread "C2 CompilerThread0" daemon [_thread_in_native, id=8132, stack(0x00000000167a0000,0x00000000168a0000)]

Stack: [0x00000000167a0000,0x00000000168a0000]
[error occurred during error reporting (printing stack bounds), id 0xc0000005]

Native frames: (J=compiled Java code, j=interpreted, Vv=VM code, C=native code)


Current CompileTask:
C2:  14156 1421       4       com.android.dx.ssa.SCCP::simulatePhi (169 bytes)


---------------  P R O C E S S  ---------------

Java Threads: ( => current thread )
  0x0000000002960800 JavaThread "DestroyJavaVM" [_thread_blocked, id=3484, stack(0x0000000002850000,0x0000000002950000)]
  0x0000000016aad800 JavaThread "Service Thread" daemon [_thread_blocked, id=6200, stack(0x0000000016ea0000,0x0000000016fa0000)]
  0x00000000151cb000 JavaThread "C1 CompilerThread2" daemon [_thread_blocked, id=7044, stack(0x00000000169a0000,0x0000000016aa0000)]
  0x00000000151c6000 JavaThread "C2 CompilerThread1" daemon [_thread_in_native, id=4600, stack(0x00000000168a0000,0x00000000169a0000)]
=>0x000000001516b000 JavaThread "C2 CompilerThread0" daemon [_thread_in_native, id=8132, stack(0x00000000167a0000,0x00000000168a0000)]
  0x0000000015169800 JavaThread "Attach Listener" daemon [_thread_blocked, id=7752, stack(0x00000000166a0000,0x00000000167a0000)]
  0x0000000015168800 JavaThread "Signal Dispatcher" daemon [_thread_blocked, id=8092, stack(0x00000000165a0000,0x00000000166a0000)]
  0x000000001515a800 JavaThread "Finalizer" daemon [_thread_blocked, id=32, stack(0x00000000163c0000,0x00000000164c0000)]
  0x0000000002a4f800 JavaThread "Reference Handler" daemon [_thread_blocked, id=2836, stack(0x00000000162c0000,0x00000000163c0000)]

Other Threads:
  0x0000000015137800 VMThread [stack: 0x00000000161c0000,0x00000000162c0000] [id=6028]
  0x0000000016aa5000 WatcherThread [stack: 0x0000000016fa0000,0x00000000170a0000] [id=6788]

VM state:not at safepoint (normal execution)

VM Mutex/Monitor currently owned by a thread: None

Heap:
 PSYoungGen      total 35328K, used 9316K [0x00000000eab00000, 0x00000000ed000000, 0x0000000100000000)
  eden space 32768K, 20% used [0x00000000eab00000,0x00000000eb1a1380,0x00000000ecb00000)
  from space 2560K, 98% used [0x00000000ecb00000,0x00000000ecd78018,0x00000000ecd80000)
  to   space 2560K, 0% used [0x00000000ecd80000,0x00000000ecd80000,0x00000000ed000000)
 ParOldGen       total 44032K, used 17486K [0x00000000c0000000, 0x00000000c2b00000, 0x00000000eab00000)
  object space 44032K, 39% used [0x00000000c0000000,0x00000000c1113b68,0x00000000c2b00000)
 Metaspace       used 7014K, capacity 7608K, committed 7936K, reserved 1056768K
  class space    used 658K, capacity 688K, committed 768K, reserved 1048576K

Card table byte_map: [0x0000000011e60000,0x0000000012070000] byte_map_base: 0x0000000011860000

Marking Bits: (ParMarkBitMap*) 0x000000006316a6c0
 Begin Bits: [0x00000000125d0000, 0x00000000135d0000)
 End Bits:   [0x00000000135d0000, 0x00000000145d0000)

Polling page: 0x0000000001280000

CodeCache: size=245760Kb used=8013Kb max_used=8013Kb free=237746Kb
 bounds [0x0000000002aa0000, 0x0000000003280000, 0x0000000011aa0000]
 total_blobs=2427 nmethods=2148 adapters=189
 compilation: enabled

Compilation events (10 events):
Event: 11.602 Thread 0x00000000151cb000 1511       3       com.android.dx.ssa.back.SsaToRop::<init> (23 bytes)
Event: 11.602 Thread 0x00000000151cb000 nmethod 1511 0x00000000030edcd0 code [0x00000000030ede40, 0x00000000030ee068]
Event: 11.602 Thread 0x00000000151cb000 1512       3       com.android.dx.ssa.back.SsaToRop::convert (99 bytes)
Event: 11.608 Thread 0x00000000151cb000 

Event: 11.608 Thread 0x00000000151cb000 1520       3       com.android.dx.ssa.back.FirstFitLocalCombiningAllocator::handlePhiInsns (36 bytes)
Event: 11.609 Thread 0x00000000151cb000 nmethod 1520 0x00000000030ee150 code [0x00000000030ee320, 0x00000000030ee978]
Event: 11.609 Thread 0x00000000151cb000 1519       3       com.android.dx.ssa.LocalVariableExtractor::<init> (61 bytes)
Event: 11.609 Thread 0x00000000151cb000 nmethod 1519 0x00000000030eec90 code [0x00000000030eee40, 0x00000000030ef328]
Event: 11.610 Thread 0x00000000151cb000 1513       3       com.android.dx.ssa.back.FirstFitLocalCombiningAllocator::<init> (141 bytes)
Event: 11.612 Thread 0x00000000151cb000 


GC Heap History (5 events):
Event: 6.926 GC heap before
{Heap before GC invocations=1 (full 0):
 PSYoungGen      total 18944K, used 16384K [0x00000000eab00000, 0x00000000ec000000, 0x0000000100000000)
  eden space 16384K, 100% used [0x00000000eab00000,0x00000000ebb00000,0x00000000ebb00000)
  from space 2560K, 0% used [0x00000000ebd80000,0x00000000ebd80000,0x00000000ec000000)
  to   space 2560K, 0% used [0x00000000ebb00000,0x00000000ebb00000,0x00000000ebd80000)
 ParOldGen       total 44032K, used 0K [0x00000000c0000000, 0x00000000c2b00000, 0x00000000eab00000)
  object space 44032K, 0% used [0x00000000c0000000,0x00000000c0000000,0x00000000c2b00000)
 Metaspace       used 5440K, capacity 6384K, committed 6528K, reserved 1056768K
  class space    used 593K, capacity 616K, committed 640K, reserved 1048576K
Event: 7.013 GC heap after
Heap after GC invocations=1 (full 0):
 PSYoungGen      total 18944K, used 2547K [0x00000000eab00000, 0x00000000ed000000, 0x0000000100000000)
  eden space 16384K, 0% used [0x00000000eab00000,0x00000000eab00000,0x00000000ebb00000)
  from space 2560K, 99% used [0x00000000ebb00000,0x00000000ebd7cea8,0x00000000ebd80000)
  to   space 2560K, 0% used [0x00000000ecd80000,0x00000000ecd80000,0x00000000ed000000)
 ParOldGen       total 44032K, used 675K [0x00000000c0000000, 0x00000000c2b00000, 0x00000000eab00000)
  object space 44032K, 1% used [0x00000000c0000000,0x00000000c00a8d70,0x00000000c2b00000)
 Metaspace       used 5440K, capacity 6384K, committed 6528K, reserved 1056768K
  class space    used 593K, capacity 616K, committed 640K, reserved 1048576K
}
Event: 9.351 GC heap before
{Heap before GC invocations=2 (full 0):
 PSYoungGen      total 18944K, used 18931K [0x00000000eab00000, 0x00000000ed000000, 0x0000000100000000)
  eden space 16384K, 100% used [0x00000000eab00000,0x00000000ebb00000,0x00000000ebb00000)
  from space 2560K, 99% used [0x00000000ebb00000,0x00000000ebd7cea8,0x00000000ebd80000)
  to   space 2560K, 0% used [0x00000000ecd80000,0x00000000ecd80000,0x00000000ed000000)
 ParOldGen       total 44032K, used 675K [0x00000000c0000000, 0x00000000c2b00000, 0x00000000eab00000)
  object space 44032K, 1% used [0x00000000c0000000,0x00000000c00a8d70,0x00000000c2b00000)
 Metaspace       used 6050K, capacity 6962K, committed 7040K, reserved 1056768K
  class space    used 601K, capacity 618K, committed 640K, reserved 1048576K
Event: 9.526 GC heap after
Heap after GC invocations=2 (full 0):
 PSYoungGen      total 35328K, used 2544K [0x00000000eab00000, 0x00000000ed000000, 0x0000000100000000)
  eden space 32768K, 0% used [0x00000000eab00000,0x00000000eab00000,0x00000000ecb00000)
  from space 2560K, 99% used [0x00000000ecd80000,0x00000000ecffc028,0x00000000ed000000)
  to   space 2560K, 0% used [0x00000000ecb00000,0x00000000ecb00000,0x00000000ecd80000)
 ParOldGen       total 44032K, used 2245K [0x00000000c0000000, 0x00000000c2b00000, 0x00000000eab00000)
  object space 44032K, 5% used [0x00000000c0000000,0x00000000c02314e8,0x00000000c2b00000)
 Metaspace       used 6050K, capacity 6962K, committed 7040K, reserved 1056768K
  class space    used 601K, capacity 618K, committed 640K, reserved 1048576K
}
Event: 11.654 GC heap before
{Heap before GC invocations=3 (full 0):
 PSYoungGen      total 35328K, used 35312K [0x00000000eab00000, 0x00000000ed000000, 0x0000000100000000)
  eden space 32768K, 100% used [0x00000000eab00000,0x00000000ecb00000,0x00000000ecb00000)
  from space 2560K, 99% used [0x00000000ecd80000,0x00000000ecffc028,0x00000000ed000000)
  to   space 2560K, 0% used [0x00000000ecb00000,0x00000000ecb00000,0x00000000ecd80000)
 ParOldGen       total 44032K, used 2245K [0x00000000c0000000, 0x00000000c2b00000, 0x00000000eab00000)
  object space 44032K, 5% used [0x00000000c0000000,0x00000000c02314e8,0x00000000c2b00000)
 Metaspace       used 6225K, capacity 7090K, committed 7296K, reserved 1056768K
  class space    used 603K, capacity 618K, committed 640K, reserved 1048576K

Deoptimization events (7 events):
Event: 4.697 Thread 0x0000000002960800 Uncommon trap: reason=unstable_if action=reinterpret pc=0x0000000002bfa114 method=java.lang.String.compareTo(Ljava/lang/String;)I @ 38
Event: 8.574 Thread 0x0000000016cf9000 Uncommon trap: reason=unstable_if action=reinterpret pc=0x0000000002e3f21c method=com.android.dx.rop.cst.Constant.compareTo(Lcom/android/dx/rop/cst/Constant;)I @ 12
Event: 11.393 Thread 0x0000000016cff000 Uncommon trap: reason=class_check action=maybe_recompile pc=0x000000000301603c method=com.android.dx.cf.code.BytecodeArray.parseInstruction(ILcom/android/dx/cf/code/BytecodeArray$Visitor;)I @ 2253
Event: 11.393 Thread 0x0000000016cff000 Uncommon trap: reason=class_check action=maybe_recompile pc=0x0000000003015a50 method=com.android.dx.cf.code.BytecodeArray.parseInstruction(ILcom/android/dx/cf/code/BytecodeArray$Visitor;)I @ 2167
Event: 11.394 Thread 0x0000000016cff000 Uncommon trap: reason=class_check action=maybe_recompile pc=0x000000000301603c method=com.android.dx.cf.code.BytecodeArray.parseInstruction(ILcom/android/dx/cf/code/BytecodeArray$Visitor;)I @ 2253
Event: 11.394 Thread 0x0000000016cff000 Uncommon trap: reason=class_check action=maybe_recompile pc=0x0000000003015a50 method=com.android.dx.cf.code.BytecodeArray.parseInstruction(ILcom/android/dx/cf/code/BytecodeArray$Visitor;)I @ 2167
Event: 11.512 Thread 0x0000000016d09000 Uncommon trap: reason=unstable_if action=reinterpret pc=0x0000000002fa7158 method=com.android.dx.ssa.SCCP.simulateStmt(Lcom/android/dx/ssa/SsaInsn;)V @ 53

Internal exceptions (2 events):
Event: 0.728 Thread 0x0000000002960800 Exception <a 'java/lang/NoSuchMethodError': Method sun.misc.Unsafe.defineClass(Ljava/lang/String;[BII)Ljava/lang/Class; name or signature does not match> (0x00000000eab07c78) thrown at [C:\re\workspace\8-2-build-windows-amd64-cygwin\jdk8u102\7268\hotspot\sg»k|ýLç?
Event: 0.728 Thread 0x0000000002960800 Exception <a 'java/lang/NoSuchMethodError': Method sun.misc.Unsafe.prefetchRead(Ljava/lang/Object;J)V name or signature does not match> (0x00000000eab07f60) thrown at [C:\re\workspace\8-2-build-windows-amd64-cygwin\jdk8u102\7268\hotspot\src\share\vm\prims\

Events (10 events):
Event: 11.395 Thread 0x0000000016cff000 DEOPT UNPACKING pc=0x0000000002ae582a sp=0x000000001739e8b8 mode 2
Event: 11.451 loading class com/android/dx/cf/attrib/AttRuntimeInvisibleAnnotations
Event: 11.451 loading class com/android/dx/cf/attrib/AttRuntimeInvisibleAnnotations done
Event: 11.451 loading class com/android/dx/cf/attrib/BaseAnnotations
Event: 11.451 loading class com/android/dx/cf/attrib/BaseAnnotations done
Event: 11.512 Thread 0x0000000016d09000 Uncommon trap: trap_request=0xffffff65 fr.pc=0x0000000002fa7158
Event: 11.512 Thread 0x0000000016d09000 DEOPT PACKING pc=0x0000000002fa7158 sp=0x000000001749ea40
Event: 11.512 Thread 0x0000000016d09000 DEOPT UNPACKING pc=0x0000000002ae582a sp=0x000000001749ea28 mode 2
Event: 11.605 Thread 0x00000000151cb000 flushing nmethod 0x0000000002baa550
Event: 11.639 Executing VM operation: ParallelGCFailedAllocation


Dynamic libraries:
0x00007ff790ae0000 - 0x00007ff790b17000 	C:\Program Files\Java\jdk1.8.0_102\bin\java.exe
0x00007ffd068b0000 - 0x00007ffd06a5d000 	C:\Windows\SYSTEM32\ntdll.dll
0x00007ffd04160000 - 0x00007ffd0429e000 	C:\Windows\system32\KERNEL32.DLL
0x00007ffd03c00000 - 0x00007ffd03d15000 	C:\Windows\system32\KERNELBASE.dll
0x00007ffd02580000 - 0x00007ffd0260e000 	C:\Windows\system32\apphelp.dll
0x00007ffcf3a10000 - 0x00007ffcf3a63000 	C:\Windows\AppPatch\AppPatch64\AcGenral.DLL
0x00007ffd066d0000 - 0x00007ffd0677a000 	C:\Windows\system32\msvcrt.dll
0x00007ffd03f00000 - 0x00007ffd03f2e000 	C:\Windows\system32\SspiCli.dll
0x00007ffd063f0000 - 0x00007ffd06444000 	C:\Windows\system32\SHLWAPI.dll
0x00007ffd04400000 - 0x00007ffd04577000 	C:\Windows\system32\USER32.dll
0x00007ffd05cc0000 - 0x00007ffd05e54000 	C:\Windows\system32\ole32.dll
0x00007ffd04790000 - 0x00007ffd05cb8000 	C:\Windows\system32\SHELL32.dll
0x00007ffd02fa0000 - 0x00007ffd02fc1000 	C:\Windows\SYSTEM32\USERENV.dll
0x00007ffd06110000 - 0x00007ffd061ba000 	C:\Windows\system32\ADVAPI32.dll
0x00007ffcfbe50000 - 0x00007ffcfbe6e000 	C:\Windows\SYSTEM32\MPR.dll
0x00007ffd05fc0000 - 0x00007ffd06100000 	C:\Windows\system32\RPCRT4.dll
0x00007ffd06850000 - 0x00007ffd068a9000 	C:\Windows\SYSTEM32\sechost.dll
0x00007ffd064b0000 - 0x00007ffd066c1000 	C:\Windows\SYSTEM32\combase.dll
0x00007ffd04580000 - 0x00007ffd046cf000 	C:\Windows\system32\GDI32.dll
0x00007ffd039d0000 - 0x00007ffd039e5000 	C:\Windows\SYSTEM32\profapi.dll
0x00007ffd01f50000 - 0x00007ffd02002000 	C:\Windows\SYSTEM32\SHCORE.dll
0x00007ffd061d0000 - 0x00007ffd06206000 	C:\Windows\system32\IMM32.DLL
0x00007ffd042a0000 - 0x00007ffd043f2000 	C:\Windows\system32\MSCTF.dll
0x00007ffd014a0000 - 0x00007ffd0171b000 	C:\Windows\WinSxS\amd64_microsoft.windows.common-controls_6595b64144ccf1df_6.0.9600.18006_none_623f33d3ecbe86e8\COMCTL32.dll
0x00000000624c0000 - 0x0000000062591000 	C:\Program Files\Java\jdk1.8.0_102\jre\bin\msvcr100.dll
0x0000000062950000 - 0x00000000631ea000 	C:\Program Files\Java\jdk1.8.0_102\jre\bin\server\jvm.dll
0x00007ffcf7a30000 - 0x00007ffcf7a39000 	C:\Windows\SYSTEM32\WSOCK32.dll
0x00007ffd00fd0000 - 0x00007ffd00ff2000 	C:\Windows\SYSTEM32\WINMM.dll
0x00007ffd01720000 - 0x00007ffd0172a000 	C:\Windows\SYSTEM32\VERSION.dll
0x00007ffd03f30000 - 0x00007ffd03f37000 	C:\Windows\system32\PSAPI.DLL
0x00007ffd03f40000 - 0x00007ffd03f9a000 	C:\Windows\system32\WS2_32.dll
0x00007ffd00f90000 - 0x00007ffd00fba000 	C:\Windows\SYSTEM32\WINMMBASE.dll
0x00007ffd05e80000 - 0x00007ffd05e89000 	C:\Windows\system32\NSI.dll
0x00007ffd03aa0000 - 0x00007ffd03aef000 	C:\Windows\SYSTEM32\cfgmgr32.dll
0x00007ffd02820000 - 0x00007ffd02848000 	C:\Windows\SYSTEM32\DEVOBJ.dll
0x0000000062940000 - 0x000000006294f000 	C:\Program Files\Java\jdk1.8.0_102\jre\bin\verify.dll
0x0000000062910000 - 0x0000000062939000 	C:\Program Files\Java\jdk1.8.0_102\jre\bin\java.dll
0x00000000628f0000 - 0x0000000062906000 	C:\Program Files\Java\jdk1.8.0_102\jre\bin\zip.dll

VM Arguments:
jvm_args: -Djava.awt.headless=true -Xmx1024M -Dfile.encoding=windows-1252 -Duser.country=US -Duser.language=en -Duser.variant 
java_command: com.android.dx.command.Main --dex --force-jumbo --num-threads=4 --multi-dex --output E:\PPB\RecyclerView1\app\build\intermediates\transforms\dex\debug\folders\1000\10\internal_impl-24.0.0_101dcee5b4993219004c94578ca0c4248393d512 E:\PPB\RecyclerView1\app\build\intermediates\exploded-aar\com.android.support\support-v4\24.0.0\jars\libs\internal_impl-24.0.0.jar
java_class_path (initial): C:\Users\Shafira Pramatana\AppData\Local\Android\Sdk\build-tools\24.0.2\lib\dx.jar
Launcher Type: SUN_STANDARD

Environment Variables:
PATH=E:\app\telkom\product\12.1.0\dbhome_1\bin;C:\ProgramData\Oracle\Java\javapath;C:\Windows\system32;C:\Windows;C:\Windows\System32\Wbem;C:\Windows\System32\WindowsPowerShell\v1.0\;C:\Program Files\Microsoft\Web Platform Installer\;C:\Program Files (x86)\Microsoft ASP.NET\ASP.NET Web Pages\v1.0\;C:\Program Files (x86)\Windows Kits\8.0\Windows Performance Toolkit\;C:\Program Files\Microsoft SQL Server\110\Tools\Binn\;C:\Program Files (x86)\Skype\Phone\;C:\Program Files\Git\cmd
USERNAME=Shafira Pramatana
OS=Windows_NT
PROCESSOR_IDENTIFIER=Intel64 Family 6 Model 58 Stepping 9, GenuineIntel



---------------  S Y S T E M  ---------------

OS: Windows 8.1 , 64 bit Build 9600 (6.3.9600.17415)

CPU:total 4 (2 cores per cpu, 2 threads per core) family 6 model 58 stepping 9, cmov, cx8, fxsr, mmx, sse, sse2, sse3, ssse3, sse4.1, sse4.2, popcnt, avx, clmul, erms, ht, tsc, tscinvbit, tscinv

Memory: 4k page, physical 4073648k(187416k free), swap 7219376k(134088k free)

vm_info: Java HotSpot(TM) 64-Bit Server VM (25.102-b14) for windows-amd64 JRE (1.8.0_102-b14), built on Jun 22 2016 13:15:21 by "java_re" with MS VC++ 10.0 (VS2010)

time: Tue Nov 01 21:09:36 2016
elapsed time: 15 seconds (0d 0h 0m 15s)

